-------------------------------------------------------------------------------
Test set: com.web.test.MainTest
-------------------------------------------------------------------------------
Tests run: 9, Failures: 0, Errors: 2, Skipped: 0, Time elapsed: 5.991 sec <<< FAILURE! - in com.web.test.MainTest
testGetReimbursementType(com.web.test.MainTest)  Time elapsed: 0.581 sec  <<< ERROR!
java.lang.NullPointerException
	at com.web.test.MainTest.testGetReimbursementType(MainTest.java:45)

testGetReimbursementStatus(com.web.test.MainTest)  Time elapsed: 0.476 sec  <<< ERROR!
java.lang.NullPointerException
	at com.web.test.MainTest.testGetReimbursementStatus(MainTest.java:49)

