<?xml version="1.0" encoding="UTF-8"?>
<testsuite xmlns:xsi="http://www.w3.org/2001/XMLSchema-instance" xsi:schemaLocation="https://maven.apache.org/surefire/maven-surefire-plugin/xsd/surefire-test-report.xsd" name="com.web.test.MainTest" time="5.991" tests="9" errors="2" skipped="0" failures="0">
  <properties>
[...]
</properties>
  <testcase name="testUserDatabaseGetUsername" classname="com.web.test.MainTest" time="1.103"/>
  <testcase name="testUserDatabaseGetPassword" classname="com.web.test.MainTest" time="0.263"/>
  <testcase name="testUserDatabaseGetEmail" classname="com.web.test.MainTest" time="0.257"/>
  <testcase name="testGetReimbursementType" classname="com.web.test.MainTest" time="0.581">
    <error type="java.lang.NullPointerException">java.lang.NullPointerException
	at com.web.test.MainTest.testGetReimbursementType(MainTest.java:45)
</error>
    <system-err><![CDATA[org.postgresql.util.PSQLException: The column index is out of range: 10, number of columns: 9.
	at org.postgresql.jdbc.PgResultSet.checkColumnIndex(PgResultSet.java:2746)
	at org.postgresql.jdbc.PgResultSet.checkResultSet(PgResultSet.java:2766)
	at org.postgresql.jdbc.PgResultSet.getInt(PgResultSet.java:2030)
	at com.web.repo.ReimbursementDao.findById(ReimbursementDao.java:85)
	at com.web.service.ReimbursementService.findById(ReimbursementService.java:35)
	at com.web.test.MainTest.testGetReimbursementType(MainTest.java:45)
	at sun.reflect.NativeMethodAccessorImpl.invoke0(Native Method)
	at sun.reflect.NativeMethodAccessorImpl.invoke(NativeMethodAccessorImpl.java:62)
	at sun.reflect.DelegatingMethodAccessorImpl.invoke(DelegatingMethodAccessorImpl.java:43)
	at java.lang.reflect.Method.invoke(Method.java:498)
	at org.junit.runners.model.FrameworkMethod$1.runReflectiveCall(FrameworkMethod.java:59)
	at org.junit.internal.runners.model.ReflectiveCallable.run(ReflectiveCallable.java:12)
	at org.junit.runners.model.FrameworkMethod.invokeExplosively(FrameworkMethod.java:56)
	at org.junit.internal.runners.statements.InvokeMethod.evaluate(InvokeMethod.java:17)
	at org.junit.runners.ParentRunner$3.evaluate(ParentRunner.java:306)
	at org.junit.runners.BlockJUnit4ClassRunner$1.evaluate(BlockJUnit4ClassRunner.java:100)
	at org.junit.runners.ParentRunner.runLeaf(ParentRunner.java:366)
	at org.junit.runners.BlockJUnit4ClassRunner.runChild(BlockJUnit4ClassRunner.java:103)
	at org.junit.runners.BlockJUnit4ClassRunner.runChild(BlockJUnit4ClassRunner.java:63)
	at org.junit.runners.ParentRunner$4.run(ParentRunner.java:331)
	at org.junit.runners.ParentRunner$1.schedule(ParentRunner.java:79)
	at org.junit.runners.ParentRunner.runChildren(ParentRunner.java:329)
	at org.junit.runners.ParentRunner.access$100(ParentRunner.java:66)
	at org.junit.runners.ParentRunner$2.evaluate(ParentRunner.java:293)
	at org.junit.runners.ParentRunner$3.evaluate(ParentRunner.java:306)
	at org.junit.runners.ParentRunner.run(ParentRunner.java:413)
	at org.apache.maven.surefire.junit4.JUnit4Provider.execute(JUnit4Provider.java:367)
	at org.apache.maven.surefire.junit4.JUnit4Provider.executeWithRerun(JUnit4Provider.java:274)
	at org.apache.maven.surefire.junit4.JUnit4Provider.executeTestSet(JUnit4Provider.java:238)
	at org.apache.maven.surefire.junit4.JUnit4Provider.invoke(JUnit4Provider.java:161)
	at org.apache.maven.surefire.booter.ForkedBooter.invokeProviderInSameClassLoader(ForkedBooter.java:290)
	at org.apache.maven.surefire.booter.ForkedBooter.runSuitesInProcess(ForkedBooter.java:242)
	at org.apache.maven.surefire.booter.ForkedBooter.main(ForkedBooter.java:121)
]]></system-err>
  </testcase>
  <testcase name="testUserDatabaseGetJobTitle" classname="com.web.test.MainTest" time="0.552"/>
  <testcase name="testUserDatabaseGetFirstName" classname="com.web.test.MainTest" time="0.256"/>
  <testcase name="testUserDatabaseGetLastName" classname="com.web.test.MainTest" time="2.459"/>
  <testcase name="testGetReimbursementStatus" classname="com.web.test.MainTest" time="0.476">
    <error type="java.lang.NullPointerException">java.lang.NullPointerException
	at com.web.test.MainTest.testGetReimbursementStatus(MainTest.java:49)
</error>
    <system-err><![CDATA[org.postgresql.util.PSQLException: The column index is out of range: 10, number of columns: 9.
	at org.postgresql.jdbc.PgResultSet.checkColumnIndex(PgResultSet.java:2746)
	at org.postgresql.jdbc.PgResultSet.checkResultSet(PgResultSet.java:2766)
	at org.postgresql.jdbc.PgResultSet.getInt(PgResultSet.java:2030)
	at com.web.repo.ReimbursementDao.findById(ReimbursementDao.java:85)
	at com.web.service.ReimbursementService.findById(ReimbursementService.java:35)
	at com.web.test.MainTest.testGetReimbursementStatus(MainTest.java:49)
	at sun.reflect.NativeMethodAccessorImpl.invoke0(Native Method)
	at sun.reflect.NativeMethodAccessorImpl.invoke(NativeMethodAccessorImpl.java:62)
	at sun.reflect.DelegatingMethodAccessorImpl.invoke(DelegatingMethodAccessorImpl.java:43)
	at java.lang.reflect.Method.invoke(Method.java:498)
	at org.junit.runners.model.FrameworkMethod$1.runReflectiveCall(FrameworkMethod.java:59)
	at org.junit.internal.runners.model.ReflectiveCallable.run(ReflectiveCallable.java:12)
	at org.junit.runners.model.FrameworkMethod.invokeExplosively(FrameworkMethod.java:56)
	at org.junit.internal.runners.statements.InvokeMethod.evaluate(InvokeMethod.java:17)
	at org.junit.runners.ParentRunner$3.evaluate(ParentRunner.java:306)
	at org.junit.runners.BlockJUnit4ClassRunner$1.evaluate(BlockJUnit4ClassRunner.java:100)
	at org.junit.runners.ParentRunner.runLeaf(ParentRunner.java:366)
	at org.junit.runners.BlockJUnit4ClassRunner.runChild(BlockJUnit4ClassRunner.java:103)
	at org.junit.runners.BlockJUnit4ClassRunner.runChild(BlockJUnit4ClassRunner.java:63)
	at org.junit.runners.ParentRunner$4.run(ParentRunner.java:331)
	at org.junit.runners.ParentRunner$1.schedule(ParentRunner.java:79)
	at org.junit.runners.ParentRunner.runChildren(ParentRunner.java:329)
	at org.junit.runners.ParentRunner.access$100(ParentRunner.java:66)
	at org.junit.runners.ParentRunner$2.evaluate(ParentRunner.java:293)
	at org.junit.runners.ParentRunner$3.evaluate(ParentRunner.java:306)
	at org.junit.runners.ParentRunner.run(ParentRunner.java:413)
	at org.apache.maven.surefire.junit4.JUnit4Provider.execute(JUnit4Provider.java:367)
	at org.apache.maven.surefire.junit4.JUnit4Provider.executeWithRerun(JUnit4Provider.java:274)
	at org.apache.maven.surefire.junit4.JUnit4Provider.executeTestSet(JUnit4Provider.java:238)
	at org.apache.maven.surefire.junit4.JUnit4Provider.invoke(JUnit4Provider.java:161)
	at org.apache.maven.surefire.booter.ForkedBooter.invokeProviderInSameClassLoader(ForkedBooter.java:290)
	at org.apache.maven.surefire.booter.ForkedBooter.runSuitesInProcess(ForkedBooter.java:242)
	at org.apache.maven.surefire.booter.ForkedBooter.main(ForkedBooter.java:121)
]]></system-err>
  </testcase>
  <testcase name="testUserCreation" classname="com.web.test.MainTest" time="0.001"/>
</testsuite>